#-----------------------------------------------------------
# Vivado v2023.2 (64-bit)
# SW Build 4029153 on Fri Oct 13 20:13:54 MDT 2023
# IP Build 4028589 on Sat Oct 14 00:45:43 MDT 2023
# SharedData Build 4025554 on Tue Oct 10 17:18:54 MDT 2023
# Start of session at: Thu Jul  2 20:29:38 2026
# Process ID: 97476
# Current directory: /home/amrut/TPU-Core/sobel-tpu/vivado
# Command line: vivado -mode batch -source build_all.tcl
# Log file: /home/amrut/TPU-Core/sobel-tpu/vivado/vivado.log
# Journal file: /home/amrut/TPU-Core/sobel-tpu/vivado/vivado.jou
# Running On: Maverick, OS: Linux, CPU Frequency: 2267.381 MHz, CPU Physical cores: 16, Host memory: 15454 MB
#-----------------------------------------------------------
source build_all.tcl
# set here      [file dirname [file normalize [info script]]]
# set repo      [file normalize $here/..]
# set proj_dir  $here/build
# set part      xc7a100tcsg324-1
# set coe_file  $repo/fw/build/bootrom.coe
# if {![file exists $coe_file]} {
#     error "bootrom.coe not found -- run 'make' in $repo/fw first"
# }
# file mkdir $here/reports
# create_project sobel_tpu_soc $proj_dir -part $part -force
create_project: Time (s): cpu = 00:00:06 ; elapsed = 00:00:06 . Memory (MB): peak = 1301.594 ; gain = 5.965 ; free physical = 234 ; free virtual = 20397
# add_files [list \
#     $repo/rtl/pe.v \
#     $repo/rtl/systolic_array.v \
#     $repo/rtl/postproc.v \
#     $repo/rtl/sobel_tpu.v \
#     $repo/rtl/picorv32_bd_wrapper.v \
#     $repo/../picorv32/picorv32.v]
# add_files -fileset constrs_1 $here/arty_a7_100t.xdc
# update_compile_order -fileset sources_1
# create_bd_design "system"
Wrote  : </home/amrut/TPU-Core/sobel-tpu/vivado/build/sobel_tpu_soc.srcs/sources_1/bd/system/system.bd> 
# create_bd_port -dir I -type clk -freq_hz 100000000 clk100
# create_bd_port -dir I -type rst ck_rst
# set_property CONFIG.POLARITY ACTIVE_LOW [get_bd_ports ck_rst]
# create_bd_port -dir I uart_txd_in
# create_bd_port -dir O uart_rxd_out
# create_bd_port -dir I -from 3 -to 0 btn
# create_bd_port -dir O -from 3 -to 0 led
# create_bd_cell -type ip -vlnv xilinx.com:ip:clk_wiz:6.0 clk_wiz_0
INFO: [Device 21-403] Loading part xc7a100tcsg324-1
# set_property -dict [list \
#     CONFIG.PRIM_IN_FREQ {100.000} \
#     CONFIG.CLKOUT1_REQUESTED_OUT_FREQ {100.000} \
#     CONFIG.USE_LOCKED {true} \
#     CONFIG.USE_RESET {false}] [get_bd_cells clk_wiz_0]
# create_bd_cell -type ip -vlnv xilinx.com:ip:proc_sys_reset:5.0 rst_0
# set_property CONFIG.C_EXT_RESET_HIGH {0} [get_bd_cells rst_0]
CRITICAL WARNING: [BD 41-737] Cannot set the parameter C_EXT_RESET_HIGH on /rst_0. It is read-only.
# create_bd_cell -type module -reference picorv32_bd cpu
INFO: [IP_Flow 19-5107] Inferred bus interface 'clk' of definition 'xilinx.com:signal:clock:1.0' (from X_INTERFACE_INFO parameter from HDL file).
INFO: [IP_Flow 19-5107] Inferred bus interface 'clk' of definition 'xilinx.com:signal:clock:1.0' (from 'X_INTERFACE_INFO' attribute).
INFO: [IP_Flow 19-5107] Inferred bus interface 'resetn' of definition 'xilinx.com:signal:reset:1.0' (from X_INTERFACE_INFO parameter from HDL file).
INFO: [IP_Flow 19-5107] Inferred bus interface 'resetn' of definition 'xilinx.com:signal:reset:1.0' (from 'X_INTERFACE_INFO' attribute).
INFO: [IP_Flow 19-5107] Inferred bus interface 'm_axi' of definition 'xilinx.com:interface:aximm:1.0' (from Xilinx Repository).
INFO: [IP_Flow 19-4728] Bus Interface 'clk': Added interface parameter 'ASSOCIATED_BUSIF' with value 'm_axi'.
INFO: [IP_Flow 19-4728] Bus Interface 'clk': Added interface parameter 'ASSOCIATED_RESET' with value 'resetn'.
INFO: [IP_Flow 19-4728] Bus Interface 'resetn': Added interface parameter 'POLARITY' with value 'ACTIVE_LOW'.
WARNING: [IP_Flow 19-11770] Clock interface 'clk' has no FREQ_HZ parameter.
# create_bd_cell -type module -reference sobel_tpu tpu
WARNING: [IP_Flow 19-587] [HDL Parser] HDL port or parameter 'feeding' has a dependency on the module local parameter or undefined parameter 'S_COMPUTE'.
WARNING: [IP_Flow 19-587] [HDL Parser] HDL port or parameter 'arr_clear' has a dependency on the module local parameter or undefined parameter 'S_CLEAR'.
INFO: [IP_Flow 19-5107] Inferred bus interface 'clk' of definition 'xilinx.com:signal:clock:1.0' (from X_INTERFACE_INFO parameter from HDL file).
INFO: [IP_Flow 19-5107] Inferred bus interface 'clk' of definition 'xilinx.com:signal:clock:1.0' (from 'X_INTERFACE_INFO' attribute).
INFO: [IP_Flow 19-5107] Inferred bus interface 'resetn' of definition 'xilinx.com:signal:reset:1.0' (from X_INTERFACE_INFO parameter from HDL file).
INFO: [IP_Flow 19-5107] Inferred bus interface 'resetn' of definition 'xilinx.com:signal:reset:1.0' (from 'X_INTERFACE_INFO' attribute).
INFO: [IP_Flow 19-5107] Inferred bus interface 's_axi' of definition 'xilinx.com:interface:aximm:1.0' (from Xilinx Repository).
INFO: [IP_Flow 19-4728] Bus Interface 'clk': Added interface parameter 'ASSOCIATED_BUSIF' with value 's_axi'.
INFO: [IP_Flow 19-4728] Bus Interface 'clk': Added interface parameter 'ASSOCIATED_RESET' with value 'resetn'.
INFO: [IP_Flow 19-4728] Bus Interface 'resetn': Added interface parameter 'POLARITY' with value 'ACTIVE_LOW'.
WARNING: [IP_Flow 19-11770] Clock interface 'clk' has no FREQ_HZ parameter.
# create_bd_cell -type ip -vlnv xilinx.com:ip:smartconnect:1.0 axi_smc
# set_property -dict [list CONFIG.NUM_SI {1} CONFIG.NUM_MI {4}] [get_bd_cells axi_smc]
# create_bd_cell -type ip -vlnv xilinx.com:ip:axi_bram_ctrl:4.1 bram_ctrl
INFO: [xilinx.com:ip:axi_bram_ctrl:4.1-2] system_bram_ctrl_0: In IP Integrator, please note that memory depth value gets calculated based on the Data Width of the IP and Address range selected in the Address Editor.Incase a validation error occured on the range of this parameter, please check if the selected Data width and the Address Range are valid. For valid Data width and memory depth values, please refer to the AXI BRAM Controller Product Guide.
INFO: [xilinx.com:ip:axi_bram_ctrl:4.1-1] system_bram_ctrl_0: In IP Integrator, The Maximum address range supported is 2G. Selecting the address range more than 2G in the address editor may resets the value of Memory depth to default value (1024). please refer to the AXI BRAM Controller Product Guide.
# set_property -dict [list CONFIG.SINGLE_PORT_BRAM {1} CONFIG.DATA_WIDTH {32}] \
#     [get_bd_cells bram_ctrl]
# create_bd_cell -type ip -vlnv xilinx.com:ip:blk_mem_gen:8.4 bram
# set_property -dict [list \
#     CONFIG.use_bram_block {BRAM_Controller} \
#     CONFIG.Load_Init_File {true} \
#     CONFIG.Coe_File "$coe_file" \
#     CONFIG.Fill_Remaining_Memory_Locations {true} \
#     CONFIG.Remaining_Memory_Locations {0}] [get_bd_cells bram]
INFO: [IP_Flow 19-3484] Absolute path of file '/home/amrut/TPU-Core/sobel-tpu/fw/build/bootrom.coe' provided. It will be converted relative to IP Instance files '../../../../../../../../fw/build/bootrom.coe'
WARNING: [IP_Flow 19-3374] An attempt to modify the value of disabled parameter 'Fill_Remaining_Memory_Locations' from 'false' to 'true' has been ignored for IP 'bram'
WARNING: [IP_Flow 19-3374] An attempt to modify the value of disabled parameter 'Load_Init_File' from 'false' to 'true' has been ignored for IP 'bram'
WARNING: [IP_Flow 19-3374] An attempt to modify the value of disabled parameter 'Coe_File' from 'no_coe_file_loaded' to '/home/amrut/TPU-Core/sobel-tpu/fw/build/bootrom.coe' has been ignored for IP 'bram'
# create_bd_cell -type ip -vlnv xilinx.com:ip:axi_uartlite:2.0 uart
# set_property -dict [list CONFIG.C_BAUDRATE {230400} CONFIG.C_DATA_BITS {8}] \
#     [get_bd_cells uart]
# create_bd_cell -type ip -vlnv xilinx.com:ip:axi_gpio:2.0 gpio
# set_property -dict [list \
#     CONFIG.C_GPIO_WIDTH {4}  CONFIG.C_ALL_INPUTS {1} \
#     CONFIG.C_IS_DUAL {1} \
#     CONFIG.C_GPIO2_WIDTH {4} CONFIG.C_ALL_OUTPUTS_2 {1}] [get_bd_cells gpio]
# connect_bd_net [get_bd_ports clk100] [get_bd_pins clk_wiz_0/clk_in1]
# set clk [get_bd_pins clk_wiz_0/clk_out1]
# foreach p {cpu/clk tpu/clk axi_smc/aclk bram_ctrl/s_axi_aclk \
#            uart/s_axi_aclk gpio/s_axi_aclk rst_0/slowest_sync_clk} {
#     connect_bd_net $clk [get_bd_pins $p]
# }
# connect_bd_net [get_bd_pins clk_wiz_0/locked] [get_bd_pins rst_0/dcm_locked]
# connect_bd_net [get_bd_ports ck_rst] [get_bd_pins rst_0/ext_reset_in]
# set rstn [get_bd_pins rst_0/peripheral_aresetn]
# foreach p {cpu/resetn tpu/resetn axi_smc/aresetn bram_ctrl/s_axi_aresetn \
#            uart/s_axi_aresetn gpio/s_axi_aresetn} {
#     connect_bd_net $rstn [get_bd_pins $p]
# }
# connect_bd_intf_net [get_bd_intf_pins cpu/m_axi]      [get_bd_intf_pins axi_smc/S00_AXI]
# connect_bd_intf_net [get_bd_intf_pins axi_smc/M00_AXI] [get_bd_intf_pins bram_ctrl/S_AXI]
# connect_bd_intf_net [get_bd_intf_pins axi_smc/M01_AXI] [get_bd_intf_pins uart/S_AXI]
# connect_bd_intf_net [get_bd_intf_pins axi_smc/M02_AXI] [get_bd_intf_pins gpio/S_AXI]
# connect_bd_intf_net [get_bd_intf_pins axi_smc/M03_AXI] [get_bd_intf_pins tpu/s_axi]
# connect_bd_intf_net [get_bd_intf_pins bram_ctrl/BRAM_PORTA] [get_bd_intf_pins bram/BRAM_PORTA]
# connect_bd_net [get_bd_ports uart_txd_in]  [get_bd_pins uart/rx]
WARNING: [BD 41-1306] The connection to interface pin </uart/rx> is being overridden by the user with net <uart_txd_in_1>. This pin will not be connected as a part of interface connection <UART>.
# connect_bd_net [get_bd_ports uart_rxd_out] [get_bd_pins uart/tx]
WARNING: [BD 41-1306] The connection to interface pin </uart/tx> is being overridden by the user with net <uart_tx>. This pin will not be connected as a part of interface connection <UART>.
# connect_bd_net [get_bd_ports btn] [get_bd_pins gpio/gpio_io_i]
WARNING: [BD 41-1306] The connection to interface pin </gpio/gpio_io_i> is being overridden by the user with net <btn_1>. This pin will not be connected as a part of interface connection <GPIO>.
# connect_bd_net [get_bd_ports led] [get_bd_pins gpio/gpio2_io_o]
WARNING: [BD 41-1306] The connection to interface pin </gpio/gpio2_io_o> is being overridden by the user with net <gpio_gpio2_io_o>. This pin will not be connected as a part of interface connection <GPIO2>.
# assign_bd_address
Slave segment '/tpu/s_axi/reg0' is being assigned into address space '/cpu/m_axi' at <0x0000_0000 [ 256K ]>.
Slave segment '/bram_ctrl/S_AXI/Mem0' is being assigned into address space '/cpu/m_axi' at <0xC000_0000 [ 8K ]>.
Slave segment '/gpio/S_AXI/Reg' is being assigned into address space '/cpu/m_axi' at <0x4000_0000 [ 64K ]>.
Slave segment '/uart/S_AXI/Reg' is being assigned into address space '/cpu/m_axi' at <0x4060_0000 [ 64K ]>.
# foreach {pat off rng} {
#     bram_ctrl 0x00000000 256K
#     gpio      0x40000000 64K
#     uart      0x40600000 64K
#     tpu       0x44000000 256K
# } {
#     set seg [get_bd_addr_segs -of_objects [get_bd_addr_spaces cpu/m_axi] *${pat}*]
#     set_property offset $off $seg
#     set_property range  $rng $seg
# }
WARNING: [BD 5-699] No address segments matched 'get_bd_addr_segs -of_objects /cpu/m_axi *bram_ctrl*'
ERROR: [Common 17-55] 'set_property' expects at least one object.
Resolution: If [get_<value>] was used to populate the object, check to make sure this command returns at least one valid object.
INFO: [Common 17-206] Exiting Vivado at Thu Jul  2 20:29:55 2026...
